\BOOKMARK [0][-]{chapter.1}{Resumen}{}% 1
\BOOKMARK [0][-]{chapter.2}{Introducci\363n}{}% 2
\BOOKMARK [1][-]{section.2.1}{Objetivos}{chapter.2}% 3
\BOOKMARK [1][-]{section.2.2}{Alcance}{chapter.2}% 4
\BOOKMARK [1][-]{section.2.3}{El c\341ncer}{chapter.2}% 5
\BOOKMARK [1][-]{section.2.4}{Los aut\363matas celulares}{chapter.2}% 6
\BOOKMARK [0][-]{chapter.3}{Modelo de eventos}{}% 7
\BOOKMARK [1][-]{section.3.1}{Las c\351lulas, genoma y propiedades}{chapter.3}% 8
\BOOKMARK [1][-]{section.3.2}{Par\341metros globales}{chapter.3}% 9
\BOOKMARK [1][-]{section.3.3}{Pruebas previas a la mitosis}{chapter.3}% 10
\BOOKMARK [1][-]{section.3.4}{Mitosis}{chapter.3}% 11
\BOOKMARK [1][-]{section.3.5}{Eventos mitoticos}{chapter.3}% 12
\BOOKMARK [1][-]{section.3.6}{Equivalencia temporal}{chapter.3}% 13
\BOOKMARK [1][-]{section.3.7}{Bucle principal del modelo de eventos}{chapter.3}% 14
\BOOKMARK [0][-]{chapter.4}{Implementaci\363n}{}% 15
\BOOKMARK [1][-]{section.4.1}{M\363dulo genome.py}{chapter.4}% 16
\BOOKMARK [1][-]{section.4.2}{M\363dulo simulation\137globals.py}{chapter.4}% 17
\BOOKMARK [1][-]{section.4.3}{M\363dulo cell.py}{chapter.4}% 18
\BOOKMARK [1][-]{section.4.4}{M\363dulo experiments.py}{chapter.4}% 19
\BOOKMARK [1][-]{section.4.5}{M\363dulo grid.py}{chapter.4}% 20
\BOOKMARK [1][-]{section.4.6}{M\363dulo automata.py}{chapter.4}% 21
\BOOKMARK [1][-]{section.4.7}{M\363dulo analytics.py}{chapter.4}% 22
\BOOKMARK [0][-]{chapter.5}{Experimentos de los autores}{}% 23
\BOOKMARK [1][-]{section.5.1}{Influencia del par\341metro Tasa de mutaci\363n base \(m\)}{chapter.5}% 24
\BOOKMARK [2][-]{subsection.5.1.1}{Experimento 1: Tasa de mutaci\363n base igual a 10.000}{section.5.1}% 25
\BOOKMARK [2][-]{subsection.5.1.2}{Experimento 2: Tasa de mutaci\363n base igual a 1.000}{section.5.1}% 26
\BOOKMARK [2][-]{subsection.5.1.3}{Experimento 3: Tasa de mutaci\363n base igual a 100}{section.5.1}% 27
\BOOKMARK [1][-]{section.5.2}{Influencia del resto de marcadores}{chapter.5}% 28
\BOOKMARK [0][-]{chapter.6}{Resultados propios}{}% 29
